This is pdfTeX, Version 3.1415926-2.5-1.40.14 (TeX Live 2013/Debian) (format=pdflatex 2014.2.2)  21 MAY 2014 07:40
entering extended mode
 restricted \write18 enabled.
 %&-line parsing enabled.
**report.tex
(./report.tex
LaTeX2e <2011/06/27>
Babel <3.9f> and hyphenation patterns for 78 languages loaded.
(/usr/share/texlive/texmf-dist/tex/latex/base/article.cls
Document Class: article 2007/10/19 v1.4h Standard LaTeX document class
(/usr/share/texlive/texmf-dist/tex/latex/base/size12.clo
File: size12.clo 2007/10/19 v1.4h Standard LaTeX file (size option)
)
\c@part=\count79
\c@section=\count80
\c@subsection=\count81
\c@subsubsection=\count82
\c@paragraph=\count83
\c@subparagraph=\count84
\c@figure=\count85
\c@table=\count86
\abovecaptionskip=\skip41
\belowcaptionskip=\skip42
\bibindent=\dimen102
)
(/usr/share/texlive/texmf-dist/tex/latex/base/inputenc.sty
Package: inputenc 2008/03/30 v1.1d Input encoding file
\inpenc@prehook=\toks14
\inpenc@posthook=\toks15

(/usr/share/texlive/texmf-dist/tex/latex/base/utf8.def
File: utf8.def 2008/04/05 v1.1m UTF-8 support for inputenc
Now handling font encoding OML ...
... no UTF-8 mapping file for font encoding OML
Now handling font encoding T1 ...
... processing UTF-8 mapping file for font encoding T1

(/usr/share/texlive/texmf-dist/tex/latex/base/t1enc.dfu
File: t1enc.dfu 2008/04/05 v1.1m UTF-8 support for inputenc
   defining Unicode char U+00A1 (decimal 161)
   defining Unicode char U+00A3 (decimal 163)
   defining Unicode char U+00AB (decimal 171)
   defining Unicode char U+00BB (decimal 187)
   defining Unicode char U+00BF (decimal 191)
   defining Unicode char U+00C0 (decimal 192)
   defining Unicode char U+00C1 (decimal 193)
   defining Unicode char U+00C2 (decimal 194)
   defining Unicode char U+00C3 (decimal 195)
   defining Unicode char U+00C4 (decimal 196)
   defining Unicode char U+00C5 (decimal 197)
   defining Unicode char U+00C6 (decimal 198)
   defining Unicode char U+00C7 (decimal 199)
   defining Unicode char U+00C8 (decimal 200)
   defining Unicode char U+00C9 (decimal 201)
   defining Unicode char U+00CA (decimal 202)
   defining Unicode char U+00CB (decimal 203)
   defining Unicode char U+00CC (decimal 204)
   defining Unicode char U+00CD (decimal 205)
   defining Unicode char U+00CE (decimal 206)
   defining Unicode char U+00CF (decimal 207)
   defining Unicode char U+00D0 (decimal 208)
   defining Unicode char U+00D1 (decimal 209)
   defining Unicode char U+00D2 (decimal 210)
   defining Unicode char U+00D3 (decimal 211)
   defining Unicode char U+00D4 (decimal 212)
   defining Unicode char U+00D5 (decimal 213)
   defining Unicode char U+00D6 (decimal 214)
   defining Unicode char U+00D8 (decimal 216)
   defining Unicode char U+00D9 (decimal 217)
   defining Unicode char U+00DA (decimal 218)
   defining Unicode char U+00DB (decimal 219)
   defining Unicode char U+00DC (decimal 220)
   defining Unicode char U+00DD (decimal 221)
   defining Unicode char U+00DE (decimal 222)
   defining Unicode char U+00DF (decimal 223)
   defining Unicode char U+00E0 (decimal 224)
   defining Unicode char U+00E1 (decimal 225)
   defining Unicode char U+00E2 (decimal 226)
   defining Unicode char U+00E3 (decimal 227)
   defining Unicode char U+00E4 (decimal 228)
   defining Unicode char U+00E5 (decimal 229)
   defining Unicode char U+00E6 (decimal 230)
   defining Unicode char U+00E7 (decimal 231)
   defining Unicode char U+00E8 (decimal 232)
   defining Unicode char U+00E9 (decimal 233)
   defining Unicode char U+00EA (decimal 234)
   defining Unicode char U+00EB (decimal 235)
   defining Unicode char U+00EC (decimal 236)
   defining Unicode char U+00ED (decimal 237)
   defining Unicode char U+00EE (decimal 238)
   defining Unicode char U+00EF (decimal 239)
   defining Unicode char U+00F0 (decimal 240)
   defining Unicode char U+00F1 (decimal 241)
   defining Unicode char U+00F2 (decimal 242)
   defining Unicode char U+00F3 (decimal 243)
   defining Unicode char U+00F4 (decimal 244)
   defining Unicode char U+00F5 (decimal 245)
   defining Unicode char U+00F6 (decimal 246)
   defining Unicode char U+00F8 (decimal 248)
   defining Unicode char U+00F9 (decimal 249)
   defining Unicode char U+00FA (decimal 250)
   defining Unicode char U+00FB (decimal 251)
   defining Unicode char U+00FC (decimal 252)
   defining Unicode char U+00FD (decimal 253)
   defining Unicode char U+00FE (decimal 254)
   defining Unicode char U+00FF (decimal 255)
   defining Unicode char U+0102 (decimal 258)
   defining Unicode char U+0103 (decimal 259)
   defining Unicode char U+0104 (decimal 260)
   defining Unicode char U+0105 (decimal 261)
   defining Unicode char U+0106 (decimal 262)
   defining Unicode char U+0107 (decimal 263)
   defining Unicode char U+010C (decimal 268)
   defining Unicode char U+010D (decimal 269)
   defining Unicode char U+010E (decimal 270)
   defining Unicode char U+010F (decimal 271)
   defining Unicode char U+0110 (decimal 272)
   defining Unicode char U+0111 (decimal 273)
   defining Unicode char U+0118 (decimal 280)
   defining Unicode char U+0119 (decimal 281)
   defining Unicode char U+011A (decimal 282)
   defining Unicode char U+011B (decimal 283)
   defining Unicode char U+011E (decimal 286)
   defining Unicode char U+011F (decimal 287)
   defining Unicode char U+0130 (decimal 304)
   defining Unicode char U+0131 (decimal 305)
   defining Unicode char U+0132 (decimal 306)
   defining Unicode char U+0133 (decimal 307)
   defining Unicode char U+0139 (decimal 313)
   defining Unicode char U+013A (decimal 314)
   defining Unicode char U+013D (decimal 317)
   defining Unicode char U+013E (decimal 318)
   defining Unicode char U+0141 (decimal 321)
   defining Unicode char U+0142 (decimal 322)
   defining Unicode char U+0143 (decimal 323)
   defining Unicode char U+0144 (decimal 324)
   defining Unicode char U+0147 (decimal 327)
   defining Unicode char U+0148 (decimal 328)
   defining Unicode char U+014A (decimal 330)
   defining Unicode char U+014B (decimal 331)
   defining Unicode char U+0150 (decimal 336)
   defining Unicode char U+0151 (decimal 337)
   defining Unicode char U+0152 (decimal 338)
   defining Unicode char U+0153 (decimal 339)
   defining Unicode char U+0154 (decimal 340)
   defining Unicode char U+0155 (decimal 341)
   defining Unicode char U+0158 (decimal 344)
   defining Unicode char U+0159 (decimal 345)
   defining Unicode char U+015A (decimal 346)
   defining Unicode char U+015B (decimal 347)
   defining Unicode char U+015E (decimal 350)
   defining Unicode char U+015F (decimal 351)
   defining Unicode char U+0160 (decimal 352)
   defining Unicode char U+0161 (decimal 353)
   defining Unicode char U+0162 (decimal 354)
   defining Unicode char U+0163 (decimal 355)
   defining Unicode char U+0164 (decimal 356)
   defining Unicode char U+0165 (decimal 357)
   defining Unicode char U+016E (decimal 366)
   defining Unicode char U+016F (decimal 367)
   defining Unicode char U+0170 (decimal 368)
   defining Unicode char U+0171 (decimal 369)
   defining Unicode char U+0178 (decimal 376)
   defining Unicode char U+0179 (decimal 377)
   defining Unicode char U+017A (decimal 378)
   defining Unicode char U+017B (decimal 379)
   defining Unicode char U+017C (decimal 380)
   defining Unicode char U+017D (decimal 381)
   defining Unicode char U+017E (decimal 382)
   defining Unicode char U+200C (decimal 8204)
   defining Unicode char U+2013 (decimal 8211)
   defining Unicode char U+2014 (decimal 8212)
   defining Unicode char U+2018 (decimal 8216)
   defining Unicode char U+2019 (decimal 8217)
   defining Unicode char U+201A (decimal 8218)
   defining Unicode char U+201C (decimal 8220)
   defining Unicode char U+201D (decimal 8221)
   defining Unicode char U+201E (decimal 8222)
   defining Unicode char U+2030 (decimal 8240)
   defining Unicode char U+2031 (decimal 8241)
   defining Unicode char U+2039 (decimal 8249)
   defining Unicode char U+203A (decimal 8250)
   defining Unicode char U+2423 (decimal 9251)
)
Now handling font encoding OT1 ...
... processing UTF-8 mapping file for font encoding OT1

(/usr/share/texlive/texmf-dist/tex/latex/base/ot1enc.dfu
File: ot1enc.dfu 2008/04/05 v1.1m UTF-8 support for inputenc
   defining Unicode char U+00A1 (decimal 161)
   defining Unicode char U+00A3 (decimal 163)
   defining Unicode char U+00B8 (decimal 184)
   defining Unicode char U+00BF (decimal 191)
   defining Unicode char U+00C5 (decimal 197)
   defining Unicode char U+00C6 (decimal 198)
   defining Unicode char U+00D8 (decimal 216)
   defining Unicode char U+00DF (decimal 223)
   defining Unicode char U+00E6 (decimal 230)
   defining Unicode char U+00EC (decimal 236)
   defining Unicode char U+00ED (decimal 237)
   defining Unicode char U+00EE (decimal 238)
   defining Unicode char U+00EF (decimal 239)
   defining Unicode char U+00F8 (decimal 248)
   defining Unicode char U+0131 (decimal 305)
   defining Unicode char U+0141 (decimal 321)
   defining Unicode char U+0142 (decimal 322)
   defining Unicode char U+0152 (decimal 338)
   defining Unicode char U+0153 (decimal 339)
   defining Unicode char U+2013 (decimal 8211)
   defining Unicode char U+2014 (decimal 8212)
   defining Unicode char U+2018 (decimal 8216)
   defining Unicode char U+2019 (decimal 8217)
   defining Unicode char U+201C (decimal 8220)
   defining Unicode char U+201D (decimal 8221)
)
Now handling font encoding OMS ...
... processing UTF-8 mapping file for font encoding OMS

(/usr/share/texlive/texmf-dist/tex/latex/base/omsenc.dfu
File: omsenc.dfu 2008/04/05 v1.1m UTF-8 support for inputenc
   defining Unicode char U+00A7 (decimal 167)
   defining Unicode char U+00B6 (decimal 182)
   defining Unicode char U+00B7 (decimal 183)
   defining Unicode char U+2020 (decimal 8224)
   defining Unicode char U+2021 (decimal 8225)
   defining Unicode char U+2022 (decimal 8226)
)
Now handling font encoding OMX ...
... no UTF-8 mapping file for font encoding OMX
Now handling font encoding U ...
... no UTF-8 mapping file for font encoding U
   defining Unicode char U+00A9 (decimal 169)
   defining Unicode char U+00AA (decimal 170)
   defining Unicode char U+00AE (decimal 174)
   defining Unicode char U+00BA (decimal 186)
   defining Unicode char U+02C6 (decimal 710)
   defining Unicode char U+02DC (decimal 732)
   defining Unicode char U+200C (decimal 8204)
   defining Unicode char U+2026 (decimal 8230)
   defining Unicode char U+2122 (decimal 8482)
   defining Unicode char U+2423 (decimal 9251)
))
(/usr/share/texlive/texmf-dist/tex/latex/amsmath/amsmath.sty
Package: amsmath 2013/01/14 v2.14 AMS math features
\@mathmargin=\skip43

For additional information on amsmath, use the `?' option.
(/usr/share/texlive/texmf-dist/tex/latex/amsmath/amstext.sty
Package: amstext 2000/06/29 v2.01

(/usr/share/texlive/texmf-dist/tex/latex/amsmath/amsgen.sty
File: amsgen.sty 1999/11/30 v2.0
\@emptytoks=\toks16
\ex@=\dimen103
))
(/usr/share/texlive/texmf-dist/tex/latex/amsmath/amsbsy.sty
Package: amsbsy 1999/11/29 v1.2d
\pmbraise@=\dimen104
)
(/usr/share/texlive/texmf-dist/tex/latex/amsmath/amsopn.sty
Package: amsopn 1999/12/14 v2.01 operator names
)
\inf@bad=\count87
LaTeX Info: Redefining \frac on input line 210.
\uproot@=\count88
\leftroot@=\count89
LaTeX Info: Redefining \overline on input line 306.
\classnum@=\count90
\DOTSCASE@=\count91
LaTeX Info: Redefining \ldots on input line 378.
LaTeX Info: Redefining \dots on input line 381.
LaTeX Info: Redefining \cdots on input line 466.
\Mathstrutbox@=\box26
\strutbox@=\box27
\big@size=\dimen105
LaTeX Font Info:    Redeclaring font encoding OML on input line 566.
LaTeX Font Info:    Redeclaring font encoding OMS on input line 567.
\macc@depth=\count92
\c@MaxMatrixCols=\count93
\dotsspace@=\muskip10
\c@parentequation=\count94
\dspbrk@lvl=\count95
\tag@help=\toks17
\row@=\count96
\column@=\count97
\maxfields@=\count98
\andhelp@=\toks18
\eqnshift@=\dimen106
\alignsep@=\dimen107
\tagshift@=\dimen108
\tagwidth@=\dimen109
\totwidth@=\dimen110
\lineht@=\dimen111
\@envbody=\toks19
\multlinegap=\skip44
\multlinetaggap=\skip45
\mathdisplay@stack=\toks20
LaTeX Info: Redefining \[ on input line 2665.
LaTeX Info: Redefining \] on input line 2666.
)
(/usr/share/texlive/texmf-dist/tex/latex/amsfonts/amsfonts.sty
Package: amsfonts 2013/01/14 v3.01 Basic AMSFonts support
\symAMSa=\mathgroup4
\symAMSb=\mathgroup5
LaTeX Font Info:    Overwriting math alphabet `\mathfrak' in version `bold'
(Font)                  U/euf/m/n --> U/euf/b/n on input line 106.
)
(/usr/share/texlive/texmf-dist/tex/latex/amsfonts/amssymb.sty
Package: amssymb 2013/01/14 v3.01 AMS font symbols
)
(/usr/share/texlive/texmf-dist/tex/latex/mdframed/mdframed.sty
Package: mdframed 2013/07/01 1.9b: mdframed

(/usr/share/texlive/texmf-dist/tex/latex/oberdiek/kvoptions.sty
Package: kvoptions 2011/06/30 v3.11 Key value format for package options (HO)

(/usr/share/texlive/texmf-dist/tex/latex/graphics/keyval.sty
Package: keyval 1999/03/16 v1.13 key=value parser (DPC)
\KV@toks@=\toks21
)
(/usr/share/texlive/texmf-dist/tex/generic/oberdiek/ltxcmds.sty
Package: ltxcmds 2011/11/09 v1.22 LaTeX kernel commands for general use (HO)
)
(/usr/share/texlive/texmf-dist/tex/generic/oberdiek/kvsetkeys.sty
Package: kvsetkeys 2012/04/25 v1.16 Key value parser (HO)

(/usr/share/texlive/texmf-dist/tex/generic/oberdiek/infwarerr.sty
Package: infwarerr 2010/04/08 v1.3 Providing info/warning/error messages (HO)
)
(/usr/share/texlive/texmf-dist/tex/generic/oberdiek/etexcmds.sty
Package: etexcmds 2011/02/16 v1.5 Avoid name clashes with e-TeX commands (HO)

(/usr/share/texlive/texmf-dist/tex/generic/oberdiek/ifluatex.sty
Package: ifluatex 2010/03/01 v1.3 Provides the ifluatex switch (HO)
Package ifluatex Info: LuaTeX not detected.
)
Package etexcmds Info: Could not find \expanded.
(etexcmds)             That can mean that you are not using pdfTeX 1.50 or
(etexcmds)             that some package has redefined \expanded.
(etexcmds)             In the latter case, load this package earlier.
)))
(/usr/share/texlive/texmf-dist/tex/latex/l3packages/xparse/xparse.sty
(/usr/share/texlive/texmf-dist/tex/latex/l3kernel/expl3.sty
(/usr/share/texlive/texmf-dist/tex/latex/l3kernel/l3names.sty
(/usr/share/texlive/texmf-dist/tex/latex/l3kernel/l3bootstrap.sty
Package: l3bootstrap 2013/01/08 v4420 L3 Experimental bootstrap code
)
Package: l3names 2012/12/07 v4346 L3 Namespace for primitives
)
(/usr/share/texlive/texmf-dist/tex/latex/etex-pkg/etex.sty
Package: etex 1998/03/26 v2.0 eTeX basic definition package (PEB)
\et@xins=\count99
)
Package: expl3 2013/07/12 v4544 L3 Experimental code bundle wrapper

(/usr/share/texlive/texmf-dist/tex/latex/l3kernel/l3basics.sty
Package: l3basics 2013/07/09 v4521 L3 Basic definitions
)
(/usr/share/texlive/texmf-dist/tex/latex/l3kernel/l3expan.sty
Package: l3expan 2013/07/09 v4521 L3 Argument expansion
)
(/usr/share/texlive/texmf-dist/tex/latex/l3kernel/l3tl.sty
Package: l3tl 2013/04/24 v4482 L3 Token lists
)
(/usr/share/texlive/texmf-dist/tex/latex/l3kernel/l3seq.sty
Package: l3seq 2013/05/26 v4500 L3 Sequences and stacks
)
(/usr/share/texlive/texmf-dist/tex/latex/l3kernel/l3int.sty
Package: l3int 2013/04/24 v4482 L3 Integers
\c_max_int=\count100
\l_tmpa_int=\count101
\l_tmpb_int=\count102
\g_tmpa_int=\count103
\g_tmpb_int=\count104
)
(/usr/share/texlive/texmf-dist/tex/latex/l3kernel/l3quark.sty
Package: l3quark 2013/07/09 v4521 L3 Quarks
)
(/usr/share/texlive/texmf-dist/tex/latex/l3kernel/l3prg.sty
Package: l3prg 2013/04/24 v4482 L3 Control structures
\g__prg_map_int=\count105
)
(/usr/share/texlive/texmf-dist/tex/latex/l3kernel/l3clist.sty
Package: l3clist 2013/05/26 v4500 L3 Comma separated lists
)
(/usr/share/texlive/texmf-dist/tex/latex/l3kernel/l3token.sty
Package: l3token 2013/04/24 v4482 L3 Experimental token manipulation
)
(/usr/share/texlive/texmf-dist/tex/latex/l3kernel/l3prop.sty
Package: l3prop 2013/01/09 v4423 L3 Property lists
)
(/usr/share/texlive/texmf-dist/tex/latex/l3kernel/l3msg.sty
Package: l3msg 2013/01/08 v4412 L3 Messages
)
(/usr/share/texlive/texmf-dist/tex/latex/l3kernel/l3file.sty
Package: l3file 2013/05/01 v4483 L3 File and I/O operations
\l_iow_line_count_int=\count106
\l__iow_target_count_int=\count107
\l__iow_current_line_int=\count108
\l__iow_current_word_int=\count109
\l__iow_current_indentation_int=\count110
)
(/usr/share/texlive/texmf-dist/tex/latex/l3kernel/l3skip.sty
Package: l3skip 2013/01/13 v4444 L3 Dimensions and skips
\c_zero_dim=\dimen112
\c_max_dim=\dimen113
\l_tmpa_dim=\dimen114
\l_tmpb_dim=\dimen115
\g_tmpa_dim=\dimen116
\g_tmpb_dim=\dimen117
\c_zero_skip=\skip46
\c_max_skip=\skip47
\l_tmpa_skip=\skip48
\l_tmpb_skip=\skip49
\g_tmpa_skip=\skip50
\g_tmpb_skip=\skip51
\c_zero_muskip=\muskip11
\c_max_muskip=\muskip12
\l_tmpa_muskip=\muskip13
\l_tmpb_muskip=\muskip14
\g_tmpa_muskip=\muskip15
\g_tmpb_muskip=\muskip16
)
(/usr/share/texlive/texmf-dist/tex/latex/l3kernel/l3keys.sty
Package: l3keys 2013/07/12 v4544 L3 Experimental key-value interfaces
\g__keyval_level_int=\count111
\l_keys_choice_int=\count112
)
(/usr/share/texlive/texmf-dist/tex/latex/l3kernel/l3fp.sty
Package: l3fp 2013/07/09 v4521 L3 Floating points
\c__fp_leading_shift_int=\count113
\c__fp_middle_shift_int=\count114
\c__fp_trailing_shift_int=\count115
\c__fp_big_leading_shift_int=\count116
\c__fp_big_middle_shift_int=\count117
\c__fp_big_trailing_shift_int=\count118
\c__fp_Bigg_leading_shift_int=\count119
\c__fp_Bigg_middle_shift_int=\count120
\c__fp_Bigg_trailing_shift_int=\count121
)
(/usr/share/texlive/texmf-dist/tex/latex/l3kernel/l3box.sty
Package: l3box 2013/04/24 v4482 L3 Experimental boxes
\c_empty_box=\box28
\l_tmpa_box=\box29
\l_tmpb_box=\box30
\g_tmpa_box=\box31
\g_tmpb_box=\box32
)
(/usr/share/texlive/texmf-dist/tex/latex/l3kernel/l3coffins.sty
Package: l3coffins 2012/09/09 v4212 L3 Coffin code layer
\l__coffin_internal_box=\box33
\l__coffin_internal_dim=\dimen118
\l__coffin_offset_x_dim=\dimen119
\l__coffin_offset_y_dim=\dimen120
\l__coffin_x_dim=\dimen121
\l__coffin_y_dim=\dimen122
\l__coffin_x_prime_dim=\dimen123
\l__coffin_y_prime_dim=\dimen124
\c_empty_coffin=\box34
\l__coffin_aligned_coffin=\box35
\l__coffin_aligned_internal_coffin=\box36
\l_tmpa_coffin=\box37
\l_tmpb_coffin=\box38
\l__coffin_display_coffin=\box39
\l__coffin_display_coord_coffin=\box40
\l__coffin_display_pole_coffin=\box41
\l__coffin_display_offset_dim=\dimen125
\l__coffin_display_x_dim=\dimen126
\l__coffin_display_y_dim=\dimen127
)
(/usr/share/texlive/texmf-dist/tex/latex/l3kernel/l3color.sty
Package: l3color 2012/08/29 v4156 L3 Experimental color support
)
(/usr/share/texlive/texmf-dist/tex/latex/l3kernel/l3luatex.sty
Package: l3luatex 2012/08/03 v4049 L3 Experimental LuaTeX-specific functions
\g__cctab_allocate_int=\count122
\g__cctab_stack_int=\count123
)
(/usr/share/texlive/texmf-dist/tex/latex/l3kernel/l3candidates.sty
Package: l3candidates 2013/07/09 v4521 L3 Experimental additions to l3kernel
\l__box_top_dim=\dimen128
\l__box_bottom_dim=\dimen129
\l__box_left_dim=\dimen130
\l__box_right_dim=\dimen131
\l__box_top_new_dim=\dimen132
\l__box_bottom_new_dim=\dimen133
\l__box_left_new_dim=\dimen134
\l__box_right_new_dim=\dimen135
\l__box_internal_box=\box42
\l__coffin_bounding_shift_dim=\dimen136
\l__coffin_left_corner_dim=\dimen137
\l__coffin_right_corner_dim=\dimen138
\l__coffin_bottom_corner_dim=\dimen139
\l__coffin_top_corner_dim=\dimen140
\l__coffin_scaled_total_height_dim=\dimen141
\l__coffin_scaled_width_dim=\dimen142
)
(/usr/share/texlive/texmf-dist/tex/generic/oberdiek/ifpdf.sty
Package: ifpdf 2011/01/30 v2.3 Provides the ifpdf switch (HO)
Package ifpdf Info: pdfTeX in PDF mode is detected.
))
Package: xparse 2013/07/12 v4544 L3 Experimental document command parser
\l__xparse_current_arg_int=\count124
\l__xparse_m_args_int=\count125
\l__xparse_mandatory_args_int=\count126
\l__xparse_processor_int=\count127
\l__xparse_v_nesting_int=\count128
)
(/usr/share/texlive/texmf-dist/tex/latex/etoolbox/etoolbox.sty
Package: etoolbox 2011/01/03 v2.1 e-TeX tools for LaTeX
\etb@tempcnta=\count129
)
(/usr/share/texlive/texmf-dist/tex/latex/oberdiek/zref-abspage.sty
Package: zref-abspage 2012/04/04 v2.24 Module abspage for zref (HO)

(/usr/share/texlive/texmf-dist/tex/latex/oberdiek/zref-base.sty
Package: zref-base 2012/04/04 v2.24 Module base for zref (HO)

(/usr/share/texlive/texmf-dist/tex/generic/oberdiek/kvdefinekeys.sty
Package: kvdefinekeys 2011/04/07 v1.3 Define keys (HO)
)
(/usr/share/texlive/texmf-dist/tex/generic/oberdiek/pdftexcmds.sty
Package: pdftexcmds 2011/11/29 v0.20 Utility functions of pdfTeX for LuaTeX (HO
)
Package pdftexcmds Info: LuaTeX not detected.
Package pdftexcmds Info: \pdf@primitive is available.
Package pdftexcmds Info: \pdf@ifprimitive is available.
Package pdftexcmds Info: \pdfdraftmode found.
)
(/usr/share/texlive/texmf-dist/tex/latex/oberdiek/auxhook.sty
Package: auxhook 2011/03/04 v1.3 Hooks for auxiliary files (HO)
)
Package zref Info: New property list: main on input line 759.
Package zref Info: New property: default on input line 760.
Package zref Info: New property: page on input line 761.
)
(/usr/share/texlive/texmf-dist/tex/generic/oberdiek/atbegshi.sty
Package: atbegshi 2011/10/05 v1.16 At begin shipout hook (HO)
)
\c@abspage=\count130
Package zref Info: New property: abspage on input line 62.
)
(/usr/share/texlive/texmf-dist/tex/latex/needspace/needspace.sty
Package: needspace 2010/09/12 v1.3d reserve vertical space
)
(/usr/share/texlive/texmf-dist/tex/latex/graphics/color.sty
Package: color 2005/11/14 v1.0j Standard LaTeX Color (DPC)

(/usr/share/texlive/texmf-dist/tex/latex/latexconfig/color.cfg
File: color.cfg 2007/01/18 v1.5 color configuration of teTeX/TeXLive
)
Package color Info: Driver file: pdftex.def on input line 130.

(/usr/share/texlive/texmf-dist/tex/latex/pdftex-def/pdftex.def
File: pdftex.def 2011/05/27 v0.06d Graphics/color for pdfTeX
\Gread@gobject=\count131
))
\mdf@templength=\skip52
\c@mdf@globalstyle@cnt=\count132
\mdf@skipabove@length=\skip53
\mdf@skipbelow@length=\skip54
\mdf@leftmargin@length=\skip55
\mdf@rightmargin@length=\skip56
\mdf@innerleftmargin@length=\skip57
\mdf@innerrightmargin@length=\skip58
\mdf@innertopmargin@length=\skip59
\mdf@innerbottommargin@length=\skip60
\mdf@splittopskip@length=\skip61
\mdf@splitbottomskip@length=\skip62
\mdf@outermargin@length=\skip63
\mdf@innermargin@length=\skip64
\mdf@linewidth@length=\skip65
\mdf@innerlinewidth@length=\skip66
\mdf@middlelinewidth@length=\skip67
\mdf@outerlinewidth@length=\skip68
\mdf@roundcorner@length=\skip69
\mdf@footenotedistance@length=\skip70
\mdf@userdefinedwidth@length=\skip71
\mdf@needspace@length=\skip72
\mdf@frametitleaboveskip@length=\skip73
\mdf@frametitlebelowskip@length=\skip74
\mdf@frametitlerulewidth@length=\skip75
\mdf@frametitleleftmargin@length=\skip76
\mdf@frametitlerightmargin@length=\skip77
\mdf@shadowsize@length=\skip78
\mdf@extratopheight@length=\skip79
\mdf@subtitleabovelinewidth@length=\skip80
\mdf@subtitlebelowlinewidth@length=\skip81
\mdf@subtitleaboveskip@length=\skip82
\mdf@subtitlebelowskip@length=\skip83
\mdf@subtitleinneraboveskip@length=\skip84
\mdf@subtitleinnerbelowskip@length=\skip85
\mdf@subsubtitleabovelinewidth@length=\skip86
\mdf@subsubtitlebelowlinewidth@length=\skip87
\mdf@subsubtitleaboveskip@length=\skip88
\mdf@subsubtitlebelowskip@length=\skip89
\mdf@subsubtitleinneraboveskip@length=\skip90
\mdf@subsubtitleinnerbelowskip@length=\skip91

(/usr/share/texlive/texmf-dist/tex/latex/mdframed/md-frame-0.mdf
File: md-frame-0.mdf 2013/07/01\ 1.9b: md-frame-0
)
\mdf@frametitlebox=\box43
\mdf@footnotebox=\box44
\mdf@splitbox@one=\box45
\mdf@splitbox@two=\box46
\mdf@splitbox@save=\box47
\mdfsplitboxwidth=\skip92
\mdfsplitboxtotalwidth=\skip93
\mdfsplitboxheight=\skip94
\mdfsplitboxdepth=\skip95
\mdfsplitboxtotalheight=\skip96
\mdfframetitleboxwidth=\skip97
\mdfframetitleboxtotalwidth=\skip98
\mdfframetitleboxheight=\skip99
\mdfframetitleboxdepth=\skip100
\mdfframetitleboxtotalheight=\skip101
\mdffootnoteboxwidth=\skip102
\mdffootnoteboxtotalwidth=\skip103
\mdffootnoteboxheight=\skip104
\mdffootnoteboxdepth=\skip105
\mdffootnoteboxtotalheight=\skip106
\mdftotallinewidth=\skip107
\mdfboundingboxwidth=\skip108
\mdfboundingboxtotalwidth=\skip109
\mdfboundingboxheight=\skip110
\mdfboundingboxdepth=\skip111
\mdfboundingboxtotalheight=\skip112
\mdf@freevspace@length=\skip113
\mdf@horizontalwidthofbox@length=\skip114
\mdf@verticalmarginwhole@length=\skip115
\mdf@horizontalspaceofbox=\skip116
\mdfsubtitleheight=\skip117
\mdfsubsubtitleheight=\skip118
\c@mdfcountframes=\count133

****** mdframed patching \endmdf@trivlist

****** -- success******

.................................................
. LaTeX info: "xparse/define-command"
. 
. Defining document command \newmdtheoremenv with arg. spec. 'O{} m o m o ' on
. line 601.
.................................................
.................................................
. LaTeX info: "xparse/define-command"
. 
. Defining document command \mdtheorem with arg. spec. ' O{} m o m o ' on line
. 701.
.................................................
\mdf@envdepth=\count134
\c@mdf@env@i=\count135
\c@mdf@env@ii=\count136
\c@mdf@zref@counter=\count137
Package zref Info: New property: mdf@pagevalue on input line 895.
)
(/usr/share/texlive/texmf-dist/tex/generic/babel/babel.sty
Package: babel 2013/05/16 v3.9f The Babel package

(/usr/share/texlive/texmf-dist/tex/generic/babel-english/english.ldf
Language: english 2012/08/20 v3.3p English support from the babel system

(/usr/share/texlive/texmf-dist/tex/generic/babel/babel.def
File: babel.def 2013/05/16 v3.9f Babel common definitions
\babel@savecnt=\count138
\U@D=\dimen143
)
\l@canadian = a dialect from \language\l@american 
\l@australian = a dialect from \language\l@british 
\l@newzealand = a dialect from \language\l@british 
))
(/usr/share/texlive/texmf-dist/tex/latex/wrapfig/wrapfig.sty
\wrapoverhang=\dimen144
\WF@size=\dimen145
\c@WF@wrappedlines=\count139
\WF@box=\box48
\WF@everypar=\toks22
Package: wrapfig 2003/01/31  v 3.6
)
(/usr/share/texlive/texmf-dist/tex/latex/tools/verbatim.sty
Package: verbatim 2003/08/22 v1.5q LaTeX2e package for verbatim enhancements
\every@verbatim=\toks23
\verbatim@line=\toks24
\verbatim@in@stream=\read1
)
(/usr/share/texlive/texmf-dist/tex/latex/graphics/graphicx.sty
Package: graphicx 1999/02/16 v1.0f Enhanced LaTeX Graphics (DPC,SPQR)

(/usr/share/texlive/texmf-dist/tex/latex/graphics/graphics.sty
Package: graphics 2009/02/05 v1.0o Standard LaTeX Graphics (DPC,SPQR)

(/usr/share/texlive/texmf-dist/tex/latex/graphics/trig.sty
Package: trig 1999/03/16 v1.09 sin cos tan (DPC)
)
(/usr/share/texlive/texmf-dist/tex/latex/latexconfig/graphics.cfg
File: graphics.cfg 2010/04/23 v1.9 graphics configuration of TeX Live
)
Package graphics Info: Driver file: pdftex.def on input line 91.
)
\Gin@req@height=\dimen146
\Gin@req@width=\dimen147
)
(/usr/share/texlive/texmf-dist/tex/latex/pdfpages/pdfpages.sty
Package: pdfpages 2013/05/30 v0.4u Insert pages of external PDF documents (AM)

(/usr/share/texlive/texmf-dist/tex/latex/base/ifthen.sty
Package: ifthen 2001/05/26 v1.1c Standard LaTeX ifthen package (DPC)
)
(/usr/share/texlive/texmf-dist/tex/latex/tools/calc.sty
Package: calc 2007/08/22 v4.3 Infix arithmetic (KKT,FJ)
\calc@Acount=\count140
\calc@Bcount=\count141
\calc@Adimen=\dimen148
\calc@Bdimen=\dimen149
\calc@Askip=\skip119
\calc@Bskip=\skip120
LaTeX Info: Redefining \setlength on input line 76.
LaTeX Info: Redefining \addtolength on input line 77.
\calc@Ccount=\count142
\calc@Cskip=\skip121
)
(/usr/share/texlive/texmf-dist/tex/latex/eso-pic/eso-pic.sty
Package: eso-pic 2010/10/06 v2.0c eso-pic (RN)
)
(/usr/share/texlive/texmf-dist/tex/latex/pdfpages/pppdftex.def
File: pppdftex.def 2013/05/30 v0.4u Pdfpages driver for pdfTeX (AM)
)
\AM@pagebox=\box49
\AM@toc@title=\toks25
\c@AM@survey=\count143
\AM@templatesizebox=\box50
)
(/usr/share/texlive/texmf-dist/tex/latex/appendix/appendix.sty
Package: appendix 2009/09/02 v1.2b extra appendix facilities
\c@@pps=\count144
\c@@ppsavesec=\count145
\c@@ppsaveapp=\count146
)
(/usr/share/texlive/texmf-dist/tex/latex/tools/longtable.sty
Package: longtable 2004/02/01 v4.11 Multi-page Table package (DPC)
\LTleft=\skip122
\LTright=\skip123
\LTpre=\skip124
\LTpost=\skip125
\LTchunksize=\count147
\LTcapwidth=\dimen150
\LT@head=\box51
\LT@firsthead=\box52
\LT@foot=\box53
\LT@lastfoot=\box54
\LT@cols=\count148
\LT@rows=\count149
\c@LT@tables=\count150
\c@LT@chunks=\count151
\LT@p@ftn=\toks26
)
(/usr/share/texlive/texmf-dist/tex/latex/listings/listings.sty
\lst@mode=\count152
\lst@gtempboxa=\box55
\lst@token=\toks27
\lst@length=\count153
\lst@currlwidth=\dimen151
\lst@column=\count154
\lst@pos=\count155
\lst@lostspace=\dimen152
\lst@width=\dimen153
\lst@newlines=\count156
\lst@lineno=\count157
\lst@maxwidth=\dimen154

(/usr/share/texlive/texmf-dist/tex/latex/listings/lstmisc.sty
File: lstmisc.sty 2013/07/10 1.5 (Carsten Heinz)
\c@lstnumber=\count158
\lst@skipnumbers=\count159
\lst@framebox=\box56
)
(/usr/share/texlive/texmf-dist/tex/latex/listings/listings.cfg
File: listings.cfg 2013/06/27 1.5pre1 listings configuration
))
Package: listings 2013/07/10 1.5 (Carsten Heinz)

(/usr/share/texlive/texmf-dist/tex/latex/listings/lstlang1.sty
File: lstlang1.sty 2013/06/27 1.5pre1 listings language file
) (./report.aux)
\openout1 = `report.aux'.

LaTeX Font Info:    Checking defaults for OML/cmm/m/it on input line 41.
LaTeX Font Info:    ... okay on input line 41.
LaTeX Font Info:    Checking defaults for T1/cmr/m/n on input line 41.
LaTeX Font Info:    ... okay on input line 41.
LaTeX Font Info:    Checking defaults for OT1/cmr/m/n on input line 41.
LaTeX Font Info:    ... okay on input line 41.
LaTeX Font Info:    Checking defaults for OMS/cmsy/m/n on input line 41.
LaTeX Font Info:    ... okay on input line 41.
LaTeX Font Info:    Checking defaults for OMX/cmex/m/n on input line 41.
LaTeX Font Info:    ... okay on input line 41.
LaTeX Font Info:    Checking defaults for U/cmr/m/n on input line 41.
LaTeX Font Info:    ... okay on input line 41.
\AtBeginShipoutBox=\box57

(/usr/share/texlive/texmf-dist/tex/context/base/supp-pdf.mkii
[Loading MPS to PDF converter (version 2006.09.02).]
\scratchcounter=\count160
\scratchdimen=\dimen155
\scratchbox=\box58
\nofMPsegments=\count161
\nofMParguments=\count162
\everyMPshowfont=\toks28
\MPscratchCnt=\count163
\MPscratchDim=\dimen156
\MPnumerator=\count164
\makeMPintoPDFobject=\count165
\everyMPtoPDFconversion=\toks29
) (/usr/share/texlive/texmf-dist/tex/latex/oberdiek/epstopdf-base.sty
Package: epstopdf-base 2010/02/09 v2.5 Base part for package epstopdf

(/usr/share/texlive/texmf-dist/tex/latex/oberdiek/grfext.sty
Package: grfext 2010/08/19 v1.1 Manage graphics extensions (HO)
)
Package grfext Info: Graphics extension search list:
(grfext)             [.png,.pdf,.jpg,.mps,.jpeg,.jbig2,.jb2,.PNG,.PDF,.JPG,.JPE
G,.JBIG2,.JB2,.eps]
(grfext)             \AppendGraphicsExtensions on input line 452.

(/usr/share/texlive/texmf-dist/tex/latex/latexconfig/epstopdf-sys.cfg
File: epstopdf-sys.cfg 2010/07/13 v1.3 Configuration of (r)epstopdf for TeX Liv
e
))
\c@lstlisting=\count166

<introduction/introduction.pdf, id=1, 597.50829pt x 845.0471pt>
File: introduction/introduction.pdf Graphic file (type pdf)

<use introduction/introduction.pdf>
Package pdftex.def Info: introduction/introduction.pdf used on input line 50.
(pdftex.def)             Requested size: 597.50682pt x 845.04504pt.
File: introduction/introduction.pdf Graphic file (type pdf)
 <use introduction/introduction.pdf>
Package pdftex.def Info: introduction/introduction.pdf used on input line 50.
(pdftex.def)             Requested size: 597.50682pt x 845.04504pt.

[1

{/var/lib/texmf/fonts/map/pdftex/updmap/pdftex.map}]
<introduction/introduction.pdf, id=9, page=1, 597.50829pt x 845.0471pt>
File: introduction/introduction.pdf Graphic file (type pdf)

<use introduction/introduction.pdf, page 1>
Package pdftex.def Info: introduction/introduction.pdf, page1 used on input lin
e 50.
(pdftex.def)             Requested size: 597.50682pt x 845.04504pt.
File: introduction/introduction.pdf Graphic file (type pdf)

<use introduction/introduction.pdf, page 1>
Package pdftex.def Info: introduction/introduction.pdf, page1 used on input lin
e 50.
(pdftex.def)             Requested size: 597.53416pt x 845.08372pt.
File: introduction/introduction.pdf Graphic file (type pdf)

<use introduction/introduction.pdf, page 1>
Package pdftex.def Info: introduction/introduction.pdf, page1 used on input lin
e 50.
(pdftex.def)             Requested size: 597.53416pt x 845.08372pt.
File: introduction/introduction.pdf Graphic file (type pdf)

<use introduction/introduction.pdf, page 1>
Package pdftex.def Info: introduction/introduction.pdf, page1 used on input lin
e 50.
(pdftex.def)             Requested size: 597.53416pt x 845.08372pt.
File: introduction/introduction.pdf Graphic file (type pdf)

<use introduction/introduction.pdf, page 1>
Package pdftex.def Info: introduction/introduction.pdf, page1 used on input lin
e 50.
(pdftex.def)             Requested size: 597.53416pt x 845.08372pt.
 [2 <./introduction/introduction.pdf>] (./report.toc
LaTeX Font Info:    Try loading font information for U+msa on input line 3.
 (/usr/share/texlive/texmf-dist/tex/latex/amsfonts/umsa.fd
File: umsa.fd 2013/01/14 v3.01 AMS symbols A
)
LaTeX Font Info:    Try loading font information for U+msb on input line 3.

(/usr/share/texlive/texmf-dist/tex/latex/amsfonts/umsb.fd
File: umsb.fd 2013/01/14 v3.01 AMS symbols B
))
\tf@toc=\write3
\openout3 = `report.toc'.

 [1]
Underfull \hbox (badness 10000) in paragraph at lines 57--59

 []

LaTeX Font Info:    Try loading font information for OMS+cmr on input line 66.
(/usr/share/texlive/texmf-dist/tex/latex/base/omscmr.fd
File: omscmr.fd 1999/05/25 v2.5h Standard LaTeX font definitions
)
LaTeX Font Info:    Font shape `OMS/cmr/m/n' in size <12> not available
(Font)              Font shape `OMS/cmsy/m/n' tried instead on input line 66.

Underfull \hbox (badness 10000) in paragraph at lines 76--80

 []

[2]
Underfull \hbox (badness 10000) in paragraph at lines 81--82

 []

[3]
Underfull \hbox (badness 10000) in paragraph at lines 90--93

 []


Underfull \hbox (badness 10000) in paragraph at lines 99--101

 []

[4]
Underfull \hbox (badness 10000) in paragraph at lines 117--118

 []

[5]
Underfull \hbox (badness 10000) in paragraph at lines 130--131

 []


Underfull \hbox (badness 10000) in paragraph at lines 132--136

 []


Underfull \hbox (badness 10000) in paragraph at lines 137--140

 []

[6]
Underfull \hbox (badness 10000) in paragraph at lines 147--148

 []


Underfull \hbox (badness 10000) in paragraph at lines 158--160

 []

[7] [8] [9]
Underfull \hbox (badness 10000) in paragraph at lines 215--218

 []


Underfull \hbox (badness 10000) in paragraph at lines 229--234

 []


Underfull \hbox (badness 10000) in paragraph at lines 235--237

 []

[10]
Underfull \hbox (badness 10000) in paragraph at lines 260--262

 []


Underfull \hbox (badness 10000) in paragraph at lines 270--271

 []

[11]
Underfull \hbox (badness 10000) in paragraph at lines 294--296

 []

[12]
<../figures/jolie_aggregation_and_embedding_example.png, id=82, 327.2225pt x 17
0.6375pt>
File: ../figures/jolie_aggregation_and_embedding_example.png Graphic file (type
 png)
 <use ../figures/jolie_aggregation_and_embedding_example.png>
Package pdftex.def Info: ../figures/jolie_aggregation_and_embedding_example.png
 used on input line 318.
(pdftex.def)             Requested size: 195.0pt x 101.68549pt.

Underfull \hbox (badness 10000) in paragraph at lines 323--326

 []

[13 <../figures/jolie_aggregation_and_embedding_example.png (PNG copy)>]
[14] [15]
Underfull \hbox (badness 10000) in paragraph at lines 364--366

 []

<../figures/jsoa_class_diagram.png, id=92, 1421.31pt x 431.6125pt>
File: ../figures/jsoa_class_diagram.png Graphic file (type png)

<use ../figures/jsoa_class_diagram.png>
Package pdftex.def Info: ../figures/jsoa_class_diagram.png used on input line 3
70.
(pdftex.def)             Requested size: 312.00119pt x 94.7443pt.

Underfull \hbox (badness 10000) in paragraph at lines 375--376

 []


Underfull \hbox (badness 10000) in paragraph at lines 377--380

 []

[16 <../figures/jsoa_class_diagram.png (PNG copy)>]
Underfull \hbox (badness 10000) in paragraph at lines 381--385

 []


Underfull \hbox (badness 10000) in paragraph at lines 386--390

 []

[17] <../figures/jsoa_multiple_soaboot.png, id=100, 533.995pt x 408.52625pt>
File: ../figures/jsoa_multiple_soaboot.png Graphic file (type png)

<use ../figures/jsoa_multiple_soaboot.png>
Package pdftex.def Info: ../figures/jsoa_multiple_soaboot.png used on input lin
e 398.
(pdftex.def)             Requested size: 312.00119pt x 238.70326pt.
 [18 <../figures/jsoa_multiple_soaboot.png (PNG copy)>]
<../figures/jsoa_deployment_diagram.jpeg, id=104, 838.13126pt x 659.46375pt>
File: ../figures/jsoa_deployment_diagram.jpeg Graphic file (type jpg)

<use ../figures/jsoa_deployment_diagram.jpeg>
Package pdftex.def Info: ../figures/jsoa_deployment_diagram.jpeg used on input 
line 409.
(pdftex.def)             Requested size: 312.00119pt x 245.48703pt.

Underfull \hbox (badness 10000) in paragraph at lines 414--417

 []


Underfull \hbox (badness 10000) in paragraph at lines 418--420

 []

[19 <../figures/jsoa_deployment_diagram.jpeg>]
LaTeX Font Info:    Try loading font information for OML+cmr on input line 423.


(/usr/share/texlive/texmf-dist/tex/latex/base/omlcmr.fd
File: omlcmr.fd 1999/05/25 v2.5h Standard LaTeX font definitions
)
LaTeX Font Info:    Font shape `OML/cmr/m/n' in size <12> not available
(Font)              Font shape `OML/cmm/m/it' tried instead on input line 423.

<../figures/jsoa_add_service_communication_diagram.png, id=108, 1830.84pt x 471
.7625pt>
File: ../figures/jsoa_add_service_communication_diagram.png Graphic file (type 
png)
 <use ../figures/jsoa_add_service_communication_diagram.png>
Package pdftex.def Info: ../figures/jsoa_add_service_communication_diagram.png 
used on input line 438.
(pdftex.def)             Requested size: 390.0pt x 100.49115pt.

Underfull \hbox (badness 10000) in paragraph at lines 443--446

 []

[20 <../figures/jsoa_add_service_communication_diagram.png (PNG copy)>]
Underfull \hbox (badness 10000) in paragraph at lines 447--450

 []


Underfull \hbox (badness 10000) in paragraph at lines 451--455

 []

[21]
<../figures/jsoa_start_service_communication_diagram.png, id=116, 1728.4575pt x
 550.055pt>
File: ../figures/jsoa_start_service_communication_diagram.png Graphic file (typ
e png)
 <use ../figures/jsoa_start_service_communication_diagram.png>
Package pdftex.def Info: ../figures/jsoa_start_service_communication_diagram.pn
g used on input line 460.
(pdftex.def)             Requested size: 390.0pt x 124.10954pt.

Underfull \hbox (badness 10000) in paragraph at lines 465--467

 []


Underfull \hbox (badness 10000) in paragraph at lines 468--471

 []


Underfull \hbox (badness 10000) in paragraph at lines 472--475

 []

[22 <../figures/jsoa_start_service_communication_diagram.png (PNG copy)>]
Underfull \hbox (badness 10000) in paragraph at lines 476--478

 []


Underfull \hbox (badness 10000) in paragraph at lines 479--480

 []


Underfull \hbox (badness 10000) in paragraph at lines 481--483

 []


Underfull \hbox (badness 10000) in paragraph at lines 484--488

 []


Underfull \hbox (badness 10000) in paragraph at lines 489--490

 []

[23]
Underfull \hbox (badness 10000) in paragraph at lines 491--495

 []


Underfull \hbox (badness 10000) in paragraph at lines 501--503

 []


Underfull \hbox (badness 10000) in paragraph at lines 504--506

 []

[24]
Underfull \hbox (badness 10000) in paragraph at lines 518--521

 []

[25]
Underfull \hbox (badness 10000) in paragraph at lines 529--530

 []


<../figures/jolie_jap_include_issue_graph.jpeg, id=130, 426.59375pt x 854.19125
pt>
File: ../figures/jolie_jap_include_issue_graph.jpeg Graphic file (type jpg)
 <use ../figures/jolie_jap_include_issue_graph.jpeg>
Package pdftex.def Info: ../figures/jolie_jap_include_issue_graph.jpeg used on 
input line 533.
(pdftex.def)             Requested size: 117.00119pt x 234.27118pt.

Underfull \hbox (badness 10000) in paragraph at lines 539--542

 []


Underfull \hbox (badness 10000) in paragraph at lines 539--542

 []


Underfull \hbox (badness 10000) in paragraph at lines 539--542

 []


Underfull \hbox (badness 10000) in paragraph at lines 539--542

 []


Underfull \hbox (badness 10000) in paragraph at lines 539--542

 []


Underfull \hbox (badness 10000) in paragraph at lines 539--542

 []


Underfull \hbox (badness 10000) in paragraph at lines 539--542

 []


Underfull \hbox (badness 10000) in paragraph at lines 539--542

 []


Underfull \hbox (badness 10000) in paragraph at lines 539--542

 []


Underfull \hbox (badness 10000) in paragraph at lines 539--542

 []


Underfull \hbox (badness 10000) in paragraph at lines 539--542

 []


Underfull \hbox (badness 10000) in paragraph at lines 539--542

 []


Underfull \hbox (badness 10000) in paragraph at lines 539--542

 []


Underfull \hbox (badness 10000) in paragraph at lines 539--542

 []


Underfull \hbox (badness 10000) in paragraph at lines 539--542

 []

[26 <../figures/jolie_jap_include_issue_graph.jpeg>]
Underfull \hbox (badness 10000) in paragraph at lines 547--550

 []

[27]
Underfull \hbox (badness 10000) in paragraph at lines 602--603

 []

[28] [29] [30]
Underfull \hbox (badness 10000) in paragraph at lines 673--674

 []


Underfull \hbox (badness 10000) in paragraph at lines 681--683

 []


Underfull \hbox (badness 10000) in paragraph at lines 696--699

 []

[31] <../figures/cSharpClassDiagram.png, id=150, 922.44624pt x 525.965pt>
File: ../figures/cSharpClassDiagram.png Graphic file (type png)

<use ../figures/cSharpClassDiagram.png>
Package pdftex.def Info: ../figures/cSharpClassDiagram.png used on input line 7
02.
(pdftex.def)             Requested size: 390.0pt x 222.37247pt.

Underfull \hbox (badness 10000) in paragraph at lines 707--709

 []

[32 <../figures/cSharpClassDiagram.png (PNG copy)>]
Overfull \hbox (5.9636pt too wide) in paragraph at lines 721--722
[][][][][][][][][][][][][][][][][][][][][]  
 []

[33]
Underfull \hbox (badness 10000) in paragraph at lines 753--756

 []


Underfull \hbox (badness 10000) in paragraph at lines 767--768

 []


Underfull \hbox (badness 10000) in paragraph at lines 769--770

 []

[34] [35] <../figures/sodepClassDiagram.png, id=164, 1438.37375pt x 710.655pt>
File: ../figures/sodepClassDiagram.png Graphic file (type png)

<use ../figures/sodepClassDiagram.png>
Package pdftex.def Info: ../figures/sodepClassDiagram.png used on input line 79
0.
(pdftex.def)             Requested size: 390.0pt x 192.68184pt.

Overfull \hbox (0.34874pt too wide) in paragraph at lines 795--799
\OT1/cmr/m/n/12 In ad-di-tion, the Sodep-Pro-to-col class also con-tains the pr
i-vate class DataType-
 []

[36 <../figures/sodepClassDiagram.png (PNG copy)>]
Underfull \hbox (badness 10000) in paragraph at lines 813--814

 []

[37]
Underfull \hbox (badness 10000) in paragraph at lines 842--845

 []


Underfull \hbox (badness 10000) in paragraph at lines 846--848

 []

<../figures/PortClassDiagram.jpeg, id=171, 460.72125pt x 305.14pt>
File: ../figures/PortClassDiagram.jpeg Graphic file (type jpg)

<use ../figures/PortClassDiagram.jpeg>
Package pdftex.def Info: ../figures/PortClassDiagram.jpeg used on input line 85
1.
(pdftex.def)             Requested size: 312.00119pt x 206.64038pt.

Underfull \hbox (badness 10000) in paragraph at lines 856--860

 []

[38 <../figures/PortClassDiagram.jpeg>]
Underfull \hbox (badness 10000) in paragraph at lines 872--873

 []

[39] <../figures/fullCSharpClassDiagram.jpeg, id=178, 810.02625pt x 361.35pt>
File: ../figures/fullCSharpClassDiagram.jpeg Graphic file (type jpg)

<use ../figures/fullCSharpClassDiagram.jpeg>
Package pdftex.def Info: ../figures/fullCSharpClassDiagram.jpeg used on input l
ine 881.
(pdftex.def)             Requested size: 312.00119pt x 139.18358pt.

Underfull \hbox (badness 10000) in paragraph at lines 890--891

 []


Underfull \hbox (badness 10000) in paragraph at lines 892--893

 []


Underfull \hbox (badness 10000) in paragraph at lines 894--897

 []

[40 <../figures/fullCSharpClassDiagram.jpeg>]
<../figures/jsoa_generic_authentication_communication_diagram.png, id=182, 670.
505pt x 172.645pt>
File: ../figures/jsoa_generic_authentication_communication_diagram.png Graphic 
file (type png)

<use ../figures/jsoa_generic_authentication_communication_diagram.png>
Package pdftex.def Info: ../figures/jsoa_generic_authentication_communication_d
iagram.png used on input line 912.
(pdftex.def)             Requested size: 312.00119pt x 80.3344pt.


LaTeX Warning: `!h' float specifier changed to `!ht'.


<../figures/jsoa_generic_no_authentication_communication_diagram.png, id=183, 6
01.24625pt x 70.2625pt>
File: ../figures/jsoa_generic_no_authentication_communication_diagram.png Graph
ic file (type png)

<use ../figures/jsoa_generic_no_authentication_communication_diagram.png>
Package pdftex.def Info: ../figures/jsoa_generic_no_authentication_communicatio
n_diagram.png used on input line 919.
(pdftex.def)             Requested size: 312.00119pt x 36.46165pt.


LaTeX Warning: `!h' float specifier changed to `!ht'.


Underfull \hbox (badness 10000) in paragraph at lines 924--927

 []

[41] [42 <../figures/jsoa_generic_authentication_communication_diagram.png (PNG
 copy)> <../figures/jsoa_generic_no_authentication_communication_diagram.png (P
NG copy)>]
Underfull \hbox (badness 10000) in paragraph at lines 968--972

 []

[43]
Underfull \hbox (badness 10000) in paragraph at lines 973--977

 []

[44]
Underfull \hbox (badness 10000) in paragraph at lines 990--991

 []

[45] [46]
<../figures/exampleServiceClassDiagram.jpeg, id=204, 965.6075pt x 530.98375pt>
File: ../figures/exampleServiceClassDiagram.jpeg Graphic file (type jpg)

<use ../figures/exampleServiceClassDiagram.jpeg>
Package pdftex.def Info: ../figures/exampleServiceClassDiagram.jpeg used on inp
ut line 1058.
(pdftex.def)             Requested size: 312.00119pt x 171.563pt.
 [47 <../figures/exampleServiceClassDiagram.jpeg>]
<../figures/example_service_communication_diagram.png, id=209, 1155.31625pt x 1
77.66376pt>
File: ../figures/example_service_communication_diagram.png Graphic file (type p
ng)
 <use ../figures/example_service_communication_diagram.png>
Package pdftex.def Info: ../figures/example_service_communication_diagram.png u
sed on input line 1102.
(pdftex.def)             Requested size: 312.00119pt x 47.97798pt.
 [48 <../figures/example_service_communication_diagram.png (PNG copy)>]
Underfull \hbox (badness 10000) in paragraph at lines 1111--1113

 []


Underfull \hbox (badness 10000) in paragraph at lines 1126--1127

 []


Underfull \hbox (badness 10000) in paragraph at lines 1128--1129

 []

[49]
Underfull \hbox (badness 10000) in paragraph at lines 1150--1153

 []


Underfull \hbox (badness 10000) in paragraph at lines 1154--1155

 []

[50]
Underfull \hbox (badness 10000) in paragraph at lines 1165--1167

 []


Underfull \hbox (badness 10000) in paragraph at lines 1168--1171

 []

[51] [52]
Underfull \hbox (badness 10000) in paragraph at lines 1223--1224

 []


Underfull \hbox (badness 10000) in paragraph at lines 1225--1227

 []

[53] [54]
Underfull \hbox (badness 10000) in paragraph at lines 1259--1260

 []


Underfull \hbox (badness 10000) in paragraph at lines 1261--1262

 []


Underfull \hbox (badness 10000) in paragraph at lines 1263--1265

 []


Underfull \hbox (badness 10000) in paragraph at lines 1266--1267

 []

[55]
Underfull \hbox (badness 10000) in paragraph at lines 1277--1278

 []


Underfull \hbox (badness 10000) in paragraph at lines 1279--1281

 []


Underfull \hbox (badness 10000) in paragraph at lines 1282--1285

 []


Underfull \hbox (badness 10000) in paragraph at lines 1286--1290

 []


Underfull \hbox (badness 10000) in paragraph at lines 1291--1293

 []

[56]
Underfull \hbox (badness 10000) in paragraph at lines 1294--1296

 []

[57]
Underfull \hbox (badness 4454) in paragraph at lines 1327--1329
[]\OT1/cmr/m/n/12 Jolie web-site. Sup-ported pro-to-cols. \OT1/cmtt/m/n/12 http
://www.jolie-lang.org/
 []


Overfull \hbox (3.22377pt too wide) in paragraph at lines 1327--1329
\OT1/cmtt/m/n/12 ?top[]menu=documentation&sideMenuAction=protocols/introduction
 
 []


Overfull \hbox (40.27379pt too wide) in paragraph at lines 1338--1340
\OT1/cmtt/m/n/12 =documentation&sideMenuAction=architectural[]composition/redir
ection 
 []


Overfull \hbox (54.012pt too wide) in paragraph at lines 1342--1344
[]\OT1/cmr/m/n/12 Microsoft MSDN. Ex-cep-tion API. \OT1/cmtt/m/n/12 http://msdn
.microsoft.com/en-us/library/
 []


Overfull \hbox (77.18596pt too wide) in paragraph at lines 1346--1347
[]\OT1/cmr/m/n/12 Webopedia. Big- little-endian. \OT1/cmtt/m/n/12 http://www.we
bopedia.com/TERM/B/big[]endian.html 
 []


Underfull \hbox (badness 2103) in paragraph at lines 1349--1351
[]\OT1/cmr/m/n/12 Jolie web-site. Lo-ca-tions. \OT1/cmtt/m/n/12 http://www.joli
e-lang.org/?top[]menu=
 []

[58] [59] [60] (./report.aux) ) 
Here is how much of TeX's memory you used:
 12588 strings out of 493307
 206517 string characters out of 6139906
 354636 words of memory out of 5000000
 15799 multiletter control sequences out of 15000+600000
 13321 words of font info for 52 fonts, out of 8000000 for 9000
 957 hyphenation exceptions out of 8191
 44i,18n,45p,1161b,1647s stack positions out of 5000i,500n,10000p,200000b,80000s
</usr/share/texlive/texmf-dist/fonts/type1/publi
c/amsfonts/cm/cmbx10.pfb></usr/share/texlive/texmf-dist/fonts/type1/public/amsf
onts/cm/cmbx12.pfb></usr/share/texlive/texmf-dist/fonts/type1/public/amsfonts/c
m/cmbxti10.pfb></usr/share/texlive/texmf-dist/fonts/type1/public/amsfonts/cm/cm
mi12.pfb></usr/share/texlive/texmf-dist/fonts/type1/public/amsfonts/cm/cmr10.pf
b></usr/share/texlive/texmf-dist/fonts/type1/public/amsfonts/cm/cmr12.pfb></usr
/share/texlive/texmf-dist/fonts/type1/public/amsfonts/cm/cmr6.pfb></usr/share/t
exlive/texmf-dist/fonts/type1/public/amsfonts/cm/cmr7.pfb></usr/share/texlive/t
exmf-dist/fonts/type1/public/amsfonts/cm/cmr8.pfb></usr/share/texlive/texmf-dis
t/fonts/type1/public/amsfonts/cm/cmsl12.pfb></usr/share/texlive/texmf-dist/font
s/type1/public/amsfonts/cm/cmsy10.pfb></usr/share/texlive/texmf-dist/fonts/type
1/public/amsfonts/cm/cmti12.pfb></usr/share/texlive/texmf-dist/fonts/type1/publ
ic/amsfonts/cm/cmtt10.pfb></usr/share/texlive/texmf-dist/fonts/type1/public/ams
fonts/cm/cmtt12.pfb>
Output written on report.pdf (62 pages, 848881 bytes).
PDF statistics:
 293 PDF objects out of 1000 (max. 8388607)
 196 compressed objects within 2 object streams
 0 named destinations out of 1000 (max. 500000)
 86 words of extra memory for PDF output out of 10000 (max. 10000000)

